[2023-03-27T23:39:28.034+0000] {taskinstance.py:1087} INFO - Dependencies all met for <TaskInstance: projeto_agro.transform_data manual__2023-03-27T23:38:18.388566+00:00 [queued]>
[2023-03-27T23:39:28.044+0000] {taskinstance.py:1087} INFO - Dependencies all met for <TaskInstance: projeto_agro.transform_data manual__2023-03-27T23:38:18.388566+00:00 [queued]>
[2023-03-27T23:39:28.044+0000] {taskinstance.py:1283} INFO - 
--------------------------------------------------------------------------------
[2023-03-27T23:39:28.044+0000] {taskinstance.py:1284} INFO - Starting attempt 1 of 1
[2023-03-27T23:39:28.044+0000] {taskinstance.py:1285} INFO - 
--------------------------------------------------------------------------------
[2023-03-27T23:39:28.057+0000] {taskinstance.py:1304} INFO - Executing <Task(PythonOperator): transform_data> on 2023-03-27 23:38:18.388566+00:00
[2023-03-27T23:39:28.061+0000] {standard_task_runner.py:55} INFO - Started process 1000 to run task
[2023-03-27T23:39:28.063+0000] {standard_task_runner.py:82} INFO - Running: ['airflow', 'tasks', 'run', 'projeto_agro', 'transform_data', 'manual__2023-03-27T23:38:18.388566+00:00', '--job-id', '148', '--raw', '--subdir', 'DAGS_FOLDER/main.py', '--cfg-path', '/tmp/tmpcv02d8y8']
[2023-03-27T23:39:28.065+0000] {standard_task_runner.py:83} INFO - Job 148: Subtask transform_data
[2023-03-27T23:39:28.126+0000] {task_command.py:389} INFO - Running <TaskInstance: projeto_agro.transform_data manual__2023-03-27T23:38:18.388566+00:00 [running]> on host 48ec747c45e3
[2023-03-27T23:39:28.195+0000] {taskinstance.py:1511} INFO - Exporting the following env vars:
AIRFLOW_CTX_DAG_OWNER=airflow
AIRFLOW_CTX_DAG_ID=projeto_agro
AIRFLOW_CTX_TASK_ID=transform_data
AIRFLOW_CTX_EXECUTION_DATE=2023-03-27T23:38:18.388566+00:00
AIRFLOW_CTX_TRY_NUMBER=1
AIRFLOW_CTX_DAG_RUN_ID=manual__2023-03-27T23:38:18.388566+00:00
[2023-03-27T23:39:42.870+0000] {logging_mixin.py:137} INFO -      Item Code   CPC Code                                               Item
0          101     '01195                                        Canary seed
1         1016     '02123                                              Goats
2         1017     '21116                     Meat of goat; fresh or chilled
3         1018     '21156     Edible offal of goat; fresh; chilled or frozen
4         1019     '21515                               Goat fat; unrendered
..         ...        ...                                                ...
302        982     '02291                                  Raw milk of sheep
303        983  '22249.01                      Butter and ghee of sheep milk
304        984     '22253      Cheese from milk of sheep; fresh or processed
305        987     '02941  Shorn wool; greasy; including fleece-washed sh...
306        995     '02953              Raw hides and skins of sheep or lambs

[307 rows x 3 columns]
[2023-03-27T23:40:19.587+0000] {taskinstance.py:1772} ERROR - Task failed with exception
Traceback (most recent call last):
  File "/usr/local/lib/python3.9/site-packages/pandas/core/indexes/base.py", line 3803, in get_loc
    return self._engine.get_loc(casted_key)
  File "pandas/_libs/index.pyx", line 138, in pandas._libs.index.IndexEngine.get_loc
  File "pandas/_libs/index.pyx", line 165, in pandas._libs.index.IndexEngine.get_loc
  File "pandas/_libs/hashtable_class_helper.pxi", line 5745, in pandas._libs.hashtable.PyObjectHashTable.get_item
  File "pandas/_libs/hashtable_class_helper.pxi", line 5753, in pandas._libs.hashtable.PyObjectHashTable.get_item
KeyError: 'Area Code (M49)'

The above exception was the direct cause of the following exception:

Traceback (most recent call last):
  File "/usr/local/lib/python3.9/site-packages/airflow/operators/python.py", line 175, in execute
    return_value = self.execute_callable()
  File "/usr/local/lib/python3.9/site-packages/airflow/operators/python.py", line 192, in execute_callable
    return self.python_callable(*self.op_args, **self.op_kwargs)
  File "/opt/airflow/dags/main.py", line 30, in transform
    transform.transform_columns()
  File "/opt/airflow/dags/../../scripts/transform.py", line 61, in transform_columns
    self.dataset_flags['Area Code (M49)'] = self.dataset_flags['Area Code (M49)'].apply(
  File "/usr/local/lib/python3.9/site-packages/pandas/core/frame.py", line 3805, in __getitem__
    indexer = self.columns.get_loc(key)
  File "/usr/local/lib/python3.9/site-packages/pandas/core/indexes/base.py", line 3805, in get_loc
    raise KeyError(key) from err
KeyError: 'Area Code (M49)'
[2023-03-27T23:40:19.730+0000] {taskinstance.py:1322} INFO - Marking task as FAILED. dag_id=projeto_agro, task_id=transform_data, execution_date=20230327T233818, start_date=20230327T233928, end_date=20230327T234019
[2023-03-27T23:40:19.825+0000] {standard_task_runner.py:100} ERROR - Failed to execute job 148 for task transform_data ('Area Code (M49)'; 1000)
[2023-03-27T23:40:20.033+0000] {local_task_job.py:159} INFO - Task exited with return code 1
[2023-03-27T23:40:20.106+0000] {taskinstance.py:2582} INFO - 0 downstream tasks scheduled from follow-on schedule check
